# JRE version: Java(TM) SE Runtime Environment 18.9 (11.0.10+8) (build 11.0.10+8-LTS-162)
# Java VM: Java HotSpot(TM) 64-Bit Server VM 18.9 (11.0.10+8-LTS-162, mixed mode, tiered, compressed oops, g1 gc, bsd-amd64)
Heap:
 garbage-first heap   total 262144K, used 113695K [0x0000000700000000, 0x0000000800000000)
  region size 1024K, 99 young (101376K), 8 survivors (8192K)
 Metaspace       used 20223K, capacity 20489K, committed 20992K, reserved 1069056K
  class space    used 1863K, capacity 1929K, committed 2048K, reserved 1048576K
GC Heap History (10 events):
Event: 0.681 GC heap before
{Heap before GC invocations=0 (full 0):
 garbage-first heap   total 262144K, used 30720K [0x0000000700000000, 0x0000000800000000)
  region size 1024K, 24 young (24576K), 0 survivors (0K)
 Metaspace       used 10280K, capacity 10351K, committed 10752K, reserved 1058816K
  class space    used 903K, capacity 938K, committed 1024K, reserved 1048576K
}
Event: 0.685 GC heap after
{Heap after GC invocations=1 (full 0):
 garbage-first heap   total 262144K, used 16473K [0x0000000700000000, 0x0000000800000000)
  region size 1024K, 3 young (3072K), 3 survivors (3072K)
 Metaspace       used 10280K, capacity 10351K, committed 10752K, reserved 1058816K
  class space    used 903K, capacity 938K, committed 1024K, reserved 1048576K
}
Event: 1.057 GC heap before
{Heap before GC invocations=1 (full 0):
 garbage-first heap   total 262144K, used 76889K [0x0000000700000000, 0x0000000800000000)
  region size 1024K, 62 young (63488K), 3 survivors (3072K)
 Metaspace       used 16007K, capacity 16252K, committed 16768K, reserved 1064960K
  class space    used 1490K, capacity 1563K, committed 1664K, reserved 1048576K
}
Event: 1.060 GC heap after
{Heap after GC invocations=2 (full 0):
 garbage-first heap   total 262144K, used 17752K [0x0000000700000000, 0x0000000800000000)
  region size 1024K, 5 young (5120K), 5 survivors (5120K)
 Metaspace       used 16007K, capacity 16252K, committed 16768K, reserved 1064960K
  class space    used 1490K, capacity 1563K, committed 1664K, reserved 1048576K
}
Event: 1.269 GC heap before
{Heap before GC invocations=2 (full 0):
 garbage-first heap   total 262144K, used 88408K [0x0000000700000000, 0x0000000800000000)
  region size 1024K, 74 young (75776K), 5 survivors (5120K)
 Metaspace       used 17053K, capacity 17291K, committed 17536K, reserved 1064960K
  class space    used 1579K, capacity 1651K, committed 1664K, reserved 1048576K
}
Event: 1.272 GC heap after
{Heap after GC invocations=3 (full 0):
 garbage-first heap   total 262144K, used 18881K [0x0000000700000000, 0x0000000800000000)
  region size 1024K, 6 young (6144K), 6 survivors (6144K)
 Metaspace       used 17053K, capacity 17291K, committed 17536K, reserved 1064960K
  class space    used 1579K, capacity 1651K, committed 1664K, reserved 1048576K
}
Event: 1.554 GC heap before
{Heap before GC invocations=3 (full 0):
 garbage-first heap   total 262144K, used 167361K [0x0000000700000000, 0x0000000800000000)
  region size 1024K, 151 young (154624K), 6 survivors (6144K)
 Metaspace       used 17579K, capacity 17899K, committed 18176K, reserved 1064960K
  class space    used 1599K, capacity 1683K, committed 1792K, reserved 1048576K
}
Event: 1.557 GC heap after
{Heap after GC invocations=4 (full 0):
 garbage-first heap   total 262144K, used 20103K [0x0000000700000000, 0x0000000800000000)
  region size 1024K, 7 young (7168K), 7 survivors (7168K)
 Metaspace       used 17579K, capacity 17899K, committed 18176K, reserved 1064960K
  class space    used 1599K, capacity 1683K, committed 1792K, reserved 1048576K
}
Event: 1.790 GC heap before
{Heap before GC invocations=4 (full 0):
 garbage-first heap   total 262144K, used 169607K [0x0000000700000000, 0x0000000800000000)
  region size 1024K, 153 young (156672K), 7 survivors (7168K)
 Metaspace       used 18016K, capacity 18283K, committed 18688K, reserved 1067008K
  class space    used 1616K, capacity 1683K, committed 1792K, reserved 1048576K
}
Event: 1.794 GC heap after
{Heap after GC invocations=5 (full 0):
 garbage-first heap   total 262144K, used 21535K [0x0000000700000000, 0x0000000800000000)
  region size 1024K, 8 young (8192K), 8 survivors (8192K)
 Metaspace       used 18016K, capacity 18283K, committed 18688K, reserved 1067008K
  class space    used 1616K, capacity 1683K, committed 1792K, reserved 1048576K
}

